#batteryCapacity:6000;;
#steerLimits:0;;
#kl:0;;
#kl:30;;
#instant:1;;
#battery:1;;
#imu:1;;
#resourceMonitor:1;;
#brake:0;;
#speed:10;;
#steer:-100;;
#speed:20;;
#steer:0;;
#speed:30;;
#steer:0;;
#speed:40;;
#steer:0;;
#speed:50;;
#steer:0;;
#speed:60;;
#steer:0;;
#speed:70;;
#steer:0;;
#speed:80;;
#steer:0;;
#speed:90;;
#steer:0;;
#speed:100;;
#steer:0;;
#speed:110;;
#steer:0;;
#speed:120;;
#steer:0;;
#speed:110;;
#steer:0;;
#speed:100;;
#steer:0;;
#speed:90;;
#steer:0;;
#speed:80;;
#steer:0;;
#speed:70;;
#steer:0;;
#speed:60;;
#steer:0;;
#speed:50;;
#steer:0;;
#speed:40;;
#steer:0;;
#speed:30;;
#steer:0;;
#speed:20;;
#steer:0;;
#speed:10;;
#steer:0;;
#speed:0;;
#steer:0;;
#speed:-10;;
#steer:100;;
#speed:-20;;
#steer:200;;
#speed:-30;;
#steer:250;;
#speed:-40;;
#steer:250;;
#speed:-50;;
#steer:250;;
#speed:-60;;
#steer:250;;
#speed:-70;;
#steer:250;;
#speed:-80;;
#steer:250;;
#speed:-90;;
#steer:250;;
#speed:-100;;
#steer:250;;
#speed:-110;;
#steer:250;;
#speed:-120;;
#steer:250;;
#speed:-130;;
#steer:250;;
#speed:-140;;
#steer:250;;
#speed:-150;;
#steer:250;;
#speed:-150;;
#steer:150;;
#speed:-150;;
#steer:50;;
#speed:-150;;
#steer:-50;;
#speed:-150;;
#steer:-150;;
#speed:-150;;
#steer:-250;;
#speed:-140;;
#steer:-150;;
#speed:-130;;
#steer:-50;;
#speed:-120;;
#steer:0;;
#speed:-110;;
#steer:0;;
#speed:-100;;
#steer:0;;
#speed:-90;;
#steer:0;;
#speed:-80;;
#steer:0;;
#speed:-70;;
#steer:0;;
#speed:-60;;
#steer:0;;
#speed:-50;;
#steer:0;;
#speed:-40;;
#steer:0;;
#speed:-30;;
#steer:0;;
#speed:-20;;
#steer:0;;
#speed:-10;;
#steer:0;;
#speed:0;;
#steer:0;;
#speed:10;;
#steer:0;;
#speed:20;;
#steer:0;;
#speed:30;;
#steer:0;;
#speed:40;;
#steer:0;;
#speed:50;;
#steer:0;;
#speed:60;;
#steer:0;;
#speed:70;;
#steer:0;;
#speed:80;;
#steer:0;;
#speed:70;;
#steer:0;;
#speed:60;;
#steer:0;;
#speed:50;;
#steer:0;;
#speed:40;;
#steer:0;;
#speed:30;;
#steer:0;;
#speed:20;;
#steer:0;;
#speed:10;;
#steer:0;;
#speed:0;;
#steer:0;;
#kl:0;;
